<?xml version="1.0" encoding="UTF-8"?>
<!-- Generated by org.testng.reporters.JUnitReportReporter -->
<testsuite skipped="0" hostname="rasta" name="com.mychallenge.uitests.SelectItemFromPullDownMenu" tests="1" failures="0" timestamp="09 May 2019 02:29:09 GMT" time="9.575" errors="0">
  <testcase name="selectFundingOptionsLinkFromFeaturesMenu" time="9.575" classname="com.mychallenge.uitests.SelectItemFromPullDownMenu"/>
</testsuite> <!-- com.mychallenge.uitests.SelectItemFromPullDownMenu -->
