<?xml version="1.0" encoding="UTF-8"?>
<!-- Generated by org.testng.reporters.JUnitReportReporter -->
<testsuite skipped="0" hostname="rasta" name="com.mychallenge.uitests.GetDataFromMarginFeesTable" tests="1" failures="0" timestamp="17 May 2019 01:32:01 GMT" time="11.624" errors="0">
  <testcase name="verifyMarginFeesTableBaseCurrency" time="11.624" classname="com.mychallenge.uitests.GetDataFromMarginFeesTable"/>
</testsuite> <!-- com.mychallenge.uitests.GetDataFromMarginFeesTable -->
