<?xml version="1.0" encoding="UTF-8"?>
<!-- Generated by org.testng.reporters.JUnitReportReporter -->
<testsuite skipped="0" hostname="rasta" name="com.mychallenge.uitests.GetDataFromMarginFeesTable" tests="1" failures="0" timestamp="13 May 2019 03:29:22 GMT" time="10.136" errors="0">
  <testcase name="verifyMarginFeesTableBaseCurrency" time="10.136" classname="com.mychallenge.uitests.GetDataFromMarginFeesTable"/>
</testsuite> <!-- com.mychallenge.uitests.GetDataFromMarginFeesTable -->
