<?xml version="1.0" encoding="UTF-8"?>
<!-- Generated by org.testng.reporters.JUnitReportReporter -->
<testsuite skipped="0" hostname="rasta" name="com.mychallenge.uitests.SelectItemFromPullDownMenu" tests="1" failures="0" timestamp="13 May 2019 03:29:22 GMT" time="14.253" errors="0">
  <testcase name="selectFundingOptionsLinkFromFeaturesMenu" time="14.253" classname="com.mychallenge.uitests.SelectItemFromPullDownMenu"/>
</testsuite> <!-- com.mychallenge.uitests.SelectItemFromPullDownMenu -->
