<?xml version="1.0" encoding="UTF-8"?>
<!-- Generated by org.testng.reporters.JUnitReportReporter -->
<testsuite skipped="0" hostname="rasta" name="com.mychallenge.uitests.SelectItemFromPullDownMenu" tests="1" failures="0" timestamp="09 May 2019 13:08:57 GMT" time="11.498" errors="0">
  <testcase name="selectFundingOptionsLinkFromFeaturesMenu" time="11.498" classname="com.mychallenge.uitests.SelectItemFromPullDownMenu"/>
</testsuite> <!-- com.mychallenge.uitests.SelectItemFromPullDownMenu -->
