<?xml version="1.0" encoding="UTF-8"?>
<!-- Generated by org.testng.reporters.JUnitReportReporter -->
<testsuite skipped="0" hostname="rasta" name="com.mychallenge.uitests.GetDataFromMarginFeesTable" tests="1" failures="0" timestamp="15 May 2019 02:15:56 GMT" time="14.443" errors="0">
  <testcase name="verifyMarginFeesTableBaseCurrency" time="14.443" classname="com.mychallenge.uitests.GetDataFromMarginFeesTable"/>
</testsuite> <!-- com.mychallenge.uitests.GetDataFromMarginFeesTable -->
