<?xml version="1.0" encoding="UTF-8"?>
<!-- Generated by org.testng.reporters.JUnitReportReporter -->
<testsuite skipped="0" hostname="rasta" name="com.mychallenge.uitests.SelectItemFromPullDownMenu" tests="1" failures="0" timestamp="15 May 2019 02:04:51 GMT" time="11.230" errors="0">
  <testcase name="selectFundingOptionsLinkFromFeaturesMenu" time="11.230" classname="com.mychallenge.uitests.SelectItemFromPullDownMenu"/>
</testsuite> <!-- com.mychallenge.uitests.SelectItemFromPullDownMenu -->
